C51 COMPILER V9.60.0.0   MAIN                                                              04/02/2022 16:29:29 PAGE 1   


C51 COMPILER V9.60.0.0, COMPILATION OF MODULE MAIN
OBJECT MODULE PLACED IN .\Objects\main.obj
COMPILER INVOKED BY: C:\Keil_v5\C51\BIN\C51.EXE main.c OPTIMIZE(8,SPEED) BROWSE DEBUG OBJECTEXTEND PRINT(.\Listings\main
                    -.lst) TABS(2) OBJECT(.\Objects\main.obj)

line level    source

   1          #include <at89c5131.h>
   2          #include "lcd.h"    //Header file with LCD interfacing functions
   3          #include "serial.c" //C file with UART interfacing functions
   4          
   5          sbit LED=P1^7;
   6          
   7          //Test function definitions
   8          
   9          /************************************************
  10             lcd_test():
  11            LCD test function that gets called when
  12            '1' is received from UART
  13            Prints "LCD Ok" on LCD. After 4 seconds
  14            LCD is cleared
  15          ************************************************/
  16          void lcd_test(void)
  17          {
  18   1         lcd_cmd(0x80);
  19   1         lcd_write_string("LCD Ok");
  20   1         msdelay(2000);
  21   1         lcd_cmd(0x01);
  22   1      } 
  23          
  24          /************************************************
  25             led_test():
  26            LED test code. Update this function
  27            to test LEDs on P1.7-P1.4 by blinking
  28            them for a few times.
  29          ************************************************/
  30          void led_test(void)
  31          {
  32   1      // Write your testing code here.
  33   1        int k, l, m, n;  
  34   1        for(k = 0; k<11; k++)
  35   1        {
  36   2          P1_7 = ~P1_7;
  37   2          msdelay(350);
  38   2          }
  39   1      for(l = 0; l<5;l++)
  40   1              {
  41   2                P1_6 = ~P1_6;
  42   2                msdelay(100);
  43   2              
  44   2              }
  45   1      for(m = 0; m<5;m++)
  46   1              {
  47   2                P1_5 = ~P1_5;
  48   2                msdelay(200);
  49   2              
  50   2              }
  51   1      for(n = 0; n<7;n++)
  52   1                {
  53   2                  P1_4 = ~P1_4;
  54   2                  msdelay(300);
C51 COMPILER V9.60.0.0   MAIN                                                              04/02/2022 16:29:29 PAGE 2   

  55   2                }
  56   1      
  57   1      }
  58          
  59          
  60          //Main function
  61          void main(void)
  62          {
  63   1        unsigned char ch=0;
  64   1        
  65   1        //Initialize port P1 for output from P1.7-P1.4
  66   1        P1 = 0x0F;
  67   1        
  68   1        //Call initialization functions
  69   1        lcd_init();
  70   1        uart_init();
  71   1        
  72   1        //These strings will be printed in terminal software
  73   1        transmit_string("************************\r\n");
  74   1        transmit_string("******8051 Tests********\r\n");
  75   1        transmit_string("************************\r\n");
  76   1        transmit_string("Press 1 for LCD test\r\n");
  77   1        transmit_string("Press 2 for LED test\r\n");
  78   1        
  79   1        while(1)
  80   1        {
  81   2            //Receive a character
  82   2            ch = receive_char();
  83   2          
  84   2            //Decide which test function to run based on character sent
  85   2            //Displays the string on the terminal software
  86   2            switch(ch)
  87   2            {
  88   3              case '1':lcd_test();
  89   3                       transmit_string("LCD tested\r\n");
  90   3                       break;
  91   3              
  92   3              case '2':led_test();
  93   3                       transmit_string("LED tested\r\n");
  94   3                       break;
  95   3                    
  96   3              default:transmit_string("Incorrect test. Pass correct number\r\n");
  97   3                       break;
  98   3              
  99   3            }
 100   2            msdelay(100);
 101   2        }
 102   1      }


MODULE INFORMATION:   STATIC OVERLAYABLE
   CODE SIZE        =    637    ----
   CONSTANT SIZE    =    171    ----
   XDATA SIZE       =   ----    ----
   PDATA SIZE       =   ----    ----
   DATA SIZE        =   ----      12
   IDATA SIZE       =   ----    ----
   BIT SIZE         =      2    ----
END OF MODULE INFORMATION.


C51 COMPILATION COMPLETE.  0 WARNING(S),  0 ERROR(S)
