A51 MACRO ASSEMBLER  LCD                                                                  02/14/2022 14:43:52 PAGE     1


MACRO ASSEMBLER A51 V8.2.7.0
OBJECT MODULE PLACED IN .\Objects\LCD.obj
ASSEMBLER INVOKED BY: C:\Keil_v5\C51\BIN\A51.EXE LCD.a51 SET(SMALL) DEBUG PRINT(.\Listings\LCD.lst) OBJECT(.\Objects\LCD
                      .obj) EP

LOC  OBJ            LINE     SOURCE

                       1     ; This subroutine writes characters on the LCD
  00A0                 2     LCD_data equ P2    ;LCD Data port
  0080                 3     LCD_rs   equ P0.0  ;LCD Register Select
  0081                 4     LCD_rw   equ P0.1  ;LCD Read/Write
  0082                 5     LCD_en   equ P0.2  ;LCD Enable
                       6     
0000                   7     ORG 0000H
0000 020200            8     ljmp start
                       9     
0200                  10     org 200h
                      11             
0200                  12     start:
0200                  13     LCD1:
0200 75A000           14           mov P2,#00h
0203 759000           15           mov P1,#00h
                      16               ;initial delay for lcd power up
                      17     
                      18             ;here1:setb p1.0
0206 5197             19               acall delay
                      20             ;clr p1.0
0208 5197             21               acall delay
                      22             ;sjmp here1
                      23     
                      24     
020A 512C             25               acall lcd_init      ;initialise LCD
                      26             
020C 5197             27               acall delay
020E 5197             28               acall delay
0210 5197             29               acall delay
0212 7484             30               mov a,#84h             ;Put cursor on first row,5 column
0214 5169             31               acall lcd_command      ;send command to LCD
0216 5197             32               acall delay
0218 900300           33               mov   dptr,#my_string1   ;Load DPTR with sring1 Addr
021B 5189             34               acall lcd_sendstring     ;call text strings sending routine
021D 5197             35               acall delay
                      36     
021F 74C3             37               mov a,#0C3h             ;Put cursor on second row,3 column
0221 5169             38               acall lcd_command
0223 5197             39               acall delay
0225 900309           40               mov   dptr,#my_string2
0228 5189             41               acall lcd_sendstring
                      42     
022A 80FE             43           HERE: SJMP HERE 
                      44     
                      45     ;------------------------LCD Initialisation routine----------------------------------------
                             ------------
022C                  46     lcd_init:
022C 75A038           47              mov   LCD_data,#38H  ;Function set: 2 Line, 8-bit, 5x7 dots
022F C280             48              clr   LCD_rs         ;Selected command register
0231 C281             49              clr   LCD_rw         ;We are writing in instruction register
0233 D282             50              setb  LCD_en         ;Enable H->L
0235 5197             51                      acall delay
0237 C282             52              clr   LCD_en
0239 5197             53                  acall delay
                      54     
023B 75A00C           55              mov   LCD_data,#0CH  ;Display on, Curson off
023E C280             56              clr   LCD_rs         ;Selected instruction register
A51 MACRO ASSEMBLER  LCD                                                                  02/14/2022 14:43:52 PAGE     2

0240 C281             57              clr   LCD_rw         ;We are writing in instruction register
0242 D282             58              setb  LCD_en         ;Enable H->L
0244 5197             59                      acall delay
0246 C282             60              clr   LCD_en
                      61              
0248 5197             62                      acall delay
024A 75A001           63              mov   LCD_data,#01H  ;Clear LCD
024D C280             64              clr   LCD_rs         ;Selected command register
024F C281             65              clr   LCD_rw         ;We are writing in instruction register
0251 D282             66              setb  LCD_en         ;Enable H->L
0253 5197             67                      acall delay
0255 C282             68              clr   LCD_en
                      69              
0257 5197             70                      acall delay
                      71     
0259 75A006           72              mov   LCD_data,#06H  ;Entry mode, auto increment with no shift
025C C280             73              clr   LCD_rs         ;Selected command register
025E C281             74              clr   LCD_rw         ;We are writing in instruction register
0260 D282             75              setb  LCD_en         ;Enable H->L
0262 5197             76                      acall delay
0264 C282             77              clr   LCD_en
                      78     
0266 5197             79                      acall delay
                      80              
0268 22               81              ret                  ;Return from routine
                      82                      
                      83                      ;-----------------------command sending routine---------------------------
                             ----------
0269                  84      lcd_command:
0269 F5A0             85              mov   LCD_data,A     ;Move the command to LCD port
026B C280             86              clr   LCD_rs         ;Selected command register
026D C281             87              clr   LCD_rw         ;We are writing in instruction register
026F D282             88              setb  LCD_en         ;Enable H->L
0271 5197             89                      acall delay
0273 C282             90              clr   LCD_en
0275 5197             91                      acall delay
                      92         
0277 22               93              ret  
                      94     ;-----------------------data sending routine-------------------------------------          
                                       
0278                  95      lcd_senddata:
0278 F5A0             96              mov   LCD_data,A     ;Move the command to LCD port
027A D280             97              setb  LCD_rs         ;Selected data register
027C C281             98              clr   LCD_rw         ;We are writing
027E D282             99              setb  LCD_en         ;Enable H->L
0280 5197            100                      acall delay
0282 C282            101              clr   LCD_en
0284 5197            102              acall delay
0286 5197            103                      acall delay
0288 22              104              ret                  ;Return from busy routine
                     105     
                     106     ;-----------------------text strings sending routine-------------------------------------
0289                 107     lcd_sendstring:
0289 C0E0            108             push 0e0h
028B                 109             lcd_sendstring_loop:
028B E4              110                      clr   a                 ;clear Accumulator for any previous data
028C 93              111                      movc  a,@a+dptr         ;load the first character in accumulator
028D 6005            112                      jz    exit              ;go to exit if zero
028F 5178            113                      acall lcd_senddata      ;send first char
0291 A3              114                      inc   dptr              ;increment data pointer
0292 80F7            115                      sjmp  LCD_sendstring_loop    ;jump back to send the next character
0294 D0E0            116     exit:    pop 0e0h
0296 22              117              ret                     ;End of routine
                     118     
                     119     ;----------------------delay routine-----------------------------------------------------
0297 C000            120     delay:   push 0
A51 MACRO ASSEMBLER  LCD                                                                  02/14/2022 14:43:52 PAGE     3

0299 C001            121              push 1
029B 7801            122              mov r0,#1
029D 79FF            123     loop2:   mov r1,#255
029F D9FE            124              loop1:  djnz r1, loop1
02A1 D8FA            125              djnz r0, loop2
02A3 D001            126              pop 1
02A5 D000            127              pop 0 
02A7 22              128              ret
                     129     
                     130     ;------------- ROM text strings------------------------------------------------------------
                             ---
0300                 131     org 300h
0300                 132     my_string1:
0300 54454A41        133              DB   "TEJASWEE", 00H
0304 53574545                
0308 00                      
0309                 134     my_string2:
0309 45453333        135                      DB   "EE337-2022", 00H
030D 372D3230                
0311 323200                  
*** WARNING #A41 IN 135 (LCD.a51, LINE 135): MISSING 'END' STATEMENT
A51 MACRO ASSEMBLER  LCD                                                                  02/14/2022 14:43:52 PAGE     4

SYMBOL TABLE LISTING
------ ----- -------


N A M E              T Y P E  V A L U E   ATTRIBUTES

DELAY . . . . . . .  C ADDR   0297H   A   
EXIT. . . . . . . .  C ADDR   0294H   A   
HERE. . . . . . . .  C ADDR   022AH   A   
LCD1. . . . . . . .  C ADDR   0200H   A   
LCD_COMMAND . . . .  C ADDR   0269H   A   
LCD_DATA. . . . . .  D ADDR   00A0H   A   
LCD_EN. . . . . . .  B ADDR   0080H.2 A   
LCD_INIT. . . . . .  C ADDR   022CH   A   
LCD_RS. . . . . . .  B ADDR   0080H.0 A   
LCD_RW. . . . . . .  B ADDR   0080H.1 A   
LCD_SENDDATA. . . .  C ADDR   0278H   A   
LCD_SENDSTRING. . .  C ADDR   0289H   A   
LCD_SENDSTRING_LOOP  C ADDR   028BH   A   
LOOP1 . . . . . . .  C ADDR   029FH   A   
LOOP2 . . . . . . .  C ADDR   029DH   A   
MY_STRING1. . . . .  C ADDR   0300H   A   
MY_STRING2. . . . .  C ADDR   0309H   A   
P0. . . . . . . . .  D ADDR   0080H   A   
P1. . . . . . . . .  D ADDR   0090H   A   
P2. . . . . . . . .  D ADDR   00A0H   A   
START . . . . . . .  C ADDR   0200H   A   


REGISTER BANK(S) USED: 0 


ASSEMBLY COMPLETE.  1 WARNING(S), 0 ERROR(S)
