C51 COMPILER V9.60.0.0   MORSECODE                                                         03/21/2022 15:25:05 PAGE 1   


C51 COMPILER V9.60.0.0, COMPILATION OF MODULE MORSECODE
OBJECT MODULE PLACED IN .\Objects\MorseCode.obj
COMPILER INVOKED BY: C:\Keil_v5\C51\BIN\C51.EXE MorseCode.c OPTIMIZE(8,SPEED) BROWSE DEBUG OBJECTEXTEND PRINT(.\Listings
                    -\MorseCode.lst) TABS(2) OBJECT(.\Objects\MorseCode.obj)

line level    source

   1          #include <at89c5131.h>
   2          #include "lcd.h"        //Header file with LCD interfacing functions
   3          #include "MorseCode.h"  //Header file for Morse Code 
   4          
   5          sbit LED=P1^7;
   6          
   7          
   8          /*
   9          Port P0.7 is used for the audio signal output
  10          */  
  11          
  12          void symbol1(void);
  13          void symbol2(void);
  14          void sybmol3(void);
  15          void symbol4(void);
  16          void symbol5(void);
  17          unsigned char *s;
  18          
  19          
  20            void symbol1(void)
  21            {
  22   1            lcd_init();
  23   1            lcd_cmd(0x83);
  24   1            s = "Sending A";
  25   1            lcd_write_string(s);
  26   1            morsea();
  27   1            
  28   1        }
  29            void symbol2(void)
  30            {
  31   1            lcd_init();
  32   1            lcd_cmd(0x83);
  33   1            s = "Sending B";
  34   1            lcd_write_string(s);
  35   1            morseb();
  36   1        }
  37            void symbol3(void)
  38            {
  39   1            lcd_init();
  40   1            lcd_cmd(0x83);
  41   1            s = "Sending C";
  42   1            lcd_write_string(s);
  43   1            morsec();
  44   1        }
  45            void symbol4(void)
  46            {
  47   1          lcd_init();
  48   1            lcd_cmd(0x83);
  49   1            s = "Sending D";
  50   1            lcd_write_string(s);
  51   1            morsed();
  52   1        }
  53            void symbol5(void)
  54            {
C51 COMPILER V9.60.0.0   MORSECODE                                                         03/21/2022 15:25:05 PAGE 2   

  55   1          lcd_init();
  56   1            lcd_cmd(0x83);
  57   1            s = "Sending E";
  58   1            lcd_write_string(s);
  59   1            morsee();
  60   1        }
  61            
  62          
  63          //Main function
  64          
  65          void main(void)
  66          {
  67   1          
  68   1        //Call initialization functions
  69   1        lcd_init();
  70   1        
  71   1        
  72   1        // Read input nibble here
  73   1        
  74   1        
  75   1        if (P1_0)
  76   1        {
  77   2          symbol1();
  78   2          msdelay(200);
  79   2        }
  80   1        else if (P1_1)
  81   1        {
  82   2          symbol2();
  83   2          msdelay(200);
  84   2        }
  85   1        else if (P1_2)
  86   1        {
  87   2          symbol3();
  88   2          msdelay(200);
  89   2        }
  90   1        else if (P1_3)
  91   1        { 
  92   2          symbol4();
  93   2          msdelay(200);
  94   2        }
  95   1        else
  96   1        {
  97   2          symbol5();
  98   2          msdelay(200);
  99   2        }
 100   1        
 101   1        // Insert Priority Logic
 102   1        
 103   1        
 104   1        // Inside each condition, call the functions from MorseCode.h. Fill functions in MorseCode.h
 105   1      
 106   1        // Write to LCD using function lcd_write_string() in side the condition as well
 107   1        
 108   1        
 109   1        // 
 110   1        
 111   1        
 112   1      }


MODULE INFORMATION:   STATIC OVERLAYABLE
   CODE SIZE        =    473    ----
C51 COMPILER V9.60.0.0   MORSECODE                                                         03/21/2022 15:25:05 PAGE 3   

   CONSTANT SIZE    =     50    ----
   XDATA SIZE       =   ----    ----
   PDATA SIZE       =   ----    ----
   DATA SIZE        =      3       3
   IDATA SIZE       =   ----    ----
   BIT SIZE         =   ----    ----
END OF MODULE INFORMATION.


C51 COMPILATION COMPLETE.  0 WARNING(S),  0 ERROR(S)
